<?xml version="1.0" encoding="UTF-8"?>
<testng-results ignored="0" total="1" passed="1" failed="0" skipped="0">
  <reporter-output>
  </reporter-output>
  <suite started-at="2025-02-17T16:57:22 IST" name="Default suite" finished-at="2025-02-17T16:58:03 IST" duration-ms="41253">
    <groups>
    </groups>
    <test started-at="2025-02-17T16:57:22 IST" name="Default test" finished-at="2025-02-17T16:58:03 IST" duration-ms="41253">
      <class name="Alerts.BrokenLinks_Program">
        <test-method signature="brokenlinks()[pri:0, instance:Alerts.BrokenLinks_Program@4d465b11]" started-at="2025-02-17T16:57:22 IST" name="brokenlinks" finished-at="2025-02-17T16:58:03 IST" duration-ms="41212" status="PASS">
          <reporter-output>
          </reporter-output>
        </test-method> <!-- brokenlinks -->
      </class> <!-- Alerts.BrokenLinks_Program -->
    </test> <!-- Default test -->
  </suite> <!-- Default suite -->
</testng-results>
